0 info it worked if it ends with ok
1 verbose cli [ '/Users/miganga/.nvm/v0.10.28/bin/node',
1 verbose cli   '/Users/miganga/.nvm/v0.10.28/bin/npm',
1 verbose cli   'install',
1 verbose cli   'jasmine-query',
1 verbose cli   '--save-dev' ]
2 info using npm@1.4.9
3 info using node@v0.10.28
4 warn package.json partner@0.0.0 No repository field.
5 verbose readDependencies using package.json deps
6 verbose cache add [ 'jasmine-query', null ]
7 verbose cache add name=undefined spec="jasmine-query" args=["jasmine-query",null]
8 verbose parsed url { protocol: null,
8 verbose parsed url   slashes: null,
8 verbose parsed url   auth: null,
8 verbose parsed url   host: null,
8 verbose parsed url   port: null,
8 verbose parsed url   hostname: null,
8 verbose parsed url   hash: null,
8 verbose parsed url   search: null,
8 verbose parsed url   query: null,
8 verbose parsed url   pathname: 'jasmine-query',
8 verbose parsed url   path: 'jasmine-query',
8 verbose parsed url   href: 'jasmine-query' }
9 silly lockFile 62d0e655-jasmine-query jasmine-query
10 verbose lock jasmine-query /Users/miganga/.npm/62d0e655-jasmine-query.lock
11 silly lockFile 62d0e655-jasmine-query jasmine-query
12 silly lockFile 62d0e655-jasmine-query jasmine-query
13 verbose addNamed [ 'jasmine-query', '' ]
14 verbose addNamed [ null, '*' ]
15 silly lockFile aed6a61b-jasmine-query jasmine-query@
16 verbose lock jasmine-query@ /Users/miganga/.npm/aed6a61b-jasmine-query.lock
17 silly addNameRange { name: 'jasmine-query', range: '*', hasData: false }
18 verbose url raw jasmine-query
19 verbose url resolving [ 'https://registry.npmjs.org/', './jasmine-query' ]
20 verbose url resolved https://registry.npmjs.org/jasmine-query
21 info trying registry request attempt 1 at 22:02:25
22 http GET https://registry.npmjs.org/jasmine-query
23 http 404 https://registry.npmjs.org/jasmine-query
24 verbose headers { date: 'Sun, 15 Jun 2014 20:00:46 GMT',
24 verbose headers   server: 'CouchDB/1.5.0 (Erlang OTP/R16B03)',
24 verbose headers   'content-type': 'application/json',
24 verbose headers   'cache-control': 'max-age=0',
24 verbose headers   'content-length': '52',
24 verbose headers   'accept-ranges': 'bytes',
24 verbose headers   via: '1.1 varnish',
24 verbose headers   age: '0',
24 verbose headers   'x-served-by': 'cache-fra1220-FRA',
24 verbose headers   'x-cache': 'MISS',
24 verbose headers   'x-cache-hits': '0',
24 verbose headers   'x-timer': 'S1402862446.108094,VS0,VE186',
24 verbose headers   'keep-alive': 'timeout=10, max=50',
24 verbose headers   connection: 'Keep-Alive' }
25 silly registry.get cb [ 404,
25 silly registry.get   { date: 'Sun, 15 Jun 2014 20:00:46 GMT',
25 silly registry.get     server: 'CouchDB/1.5.0 (Erlang OTP/R16B03)',
25 silly registry.get     'content-type': 'application/json',
25 silly registry.get     'cache-control': 'max-age=0',
25 silly registry.get     'content-length': '52',
25 silly registry.get     'accept-ranges': 'bytes',
25 silly registry.get     via: '1.1 varnish',
25 silly registry.get     age: '0',
25 silly registry.get     'x-served-by': 'cache-fra1220-FRA',
25 silly registry.get     'x-cache': 'MISS',
25 silly registry.get     'x-cache-hits': '0',
25 silly registry.get     'x-timer': 'S1402862446.108094,VS0,VE186',
25 silly registry.get     'keep-alive': 'timeout=10, max=50',
25 silly registry.get     connection: 'Keep-Alive' } ]
26 silly lockFile aed6a61b-jasmine-query jasmine-query@
27 silly lockFile aed6a61b-jasmine-query jasmine-query@
28 error 404 404 Not Found: jasmine-query
28 error 404
28 error 404 'jasmine-query' is not in the npm registry.
28 error 404 You should bug the author to publish it
28 error 404 It was specified as a dependency of 'partner'
28 error 404
28 error 404 Note that you can also install from a
28 error 404 tarball, folder, or http url, or git url.
29 error System Darwin 13.2.0
30 error command "/Users/miganga/.nvm/v0.10.28/bin/node" "/Users/miganga/.nvm/v0.10.28/bin/npm" "install" "jasmine-query" "--save-dev"
31 error cwd /Users/miganga/itembase/partner
32 error node -v v0.10.28
33 error npm -v 1.4.9
34 error code E404
35 verbose exit [ 1, true ]
